<?xml version="1.0" encoding="UTF-8"?>
<!-- Generated by org.testng.reporters.JUnitReportReporter -->
<testsuite hostname="DESKTOP-FSSQCH0" failures="0" tests="6" name="testNGPackage.TestNGPractice$TestNG1st" time="0.037" errors="0" timestamp="2024-04-24T20:16:38 IST" skipped="0">
  <testcase classname="testNGPackage.TestNGPractice$TestNG1st" name="test3" time="0.002"/>
  <system-out/>
  <testcase classname="testNGPackage.TestNGPractice$TestNG1st" name="test3" time="0.012"/>
  <system-out/>
  <testcase classname="testNGPackage.TestNGPractice$TestNG1st" name="test2" time="0.002"/>
  <system-out/>
  <testcase classname="testNGPackage.TestNGPractice$TestNG1st" name="test4" time="0.007"/>
  <system-out/>
  <testcase classname="testNGPackage.TestNGPractice$TestNG1st" name="test4" time="0.012"/>
  <system-out/>
  <testcase classname="testNGPackage.TestNGPractice$TestNG1st" name="test1" time="0.002"/>
  <system-out/>
</testsuite> <!-- testNGPackage.TestNGPractice$TestNG1st -->
