<?xml version="1.0" encoding="UTF-8"?>
<!-- Generated by org.testng.reporters.JUnitReportReporter -->
<testsuite hostname="DESKTOP-FSSQCH0" failures="0" tests="2" name="testNGPackage.TestNGAnnotations1" time="0.008" errors="0" timestamp="2024-04-24T20:42:15 IST" skipped="0">
  <testcase classname="testNGPackage.TestNGAnnotations1" name="test1" time="0.002"/>
  <system-out/>
  <testcase classname="testNGPackage.TestNGAnnotations1" name="test4" time="0.006"/>
  <system-out/>
</testsuite> <!-- testNGPackage.TestNGAnnotations1 -->
