<?xml version="1.0" encoding="UTF-8"?>
<!-- Generated by org.testng.reporters.JUnitReportReporter -->
<testsuite hostname="DESKTOP-FSSQCH0" failures="0" tests="3" name="testNGPackage.CrossBrowserFunctionalityTest" time="13.465" errors="0" timestamp="2024-04-26T14:59:16 IST" skipped="0">
  <testcase classname="testNGPackage.CrossBrowserFunctionalityTest" name="verifyErrorMessageWhenPasswordFunctionltyIsused" time="5.418"/>
  <system-out/>
  <testcase classname="testNGPackage.CrossBrowserFunctionalityTest" name="verifyErrorMessageWhenPasswordFunctionltyIsused" time="4.083"/>
  <system-out/>
  <testcase classname="testNGPackage.CrossBrowserFunctionalityTest" name="verifyErrorMessageWhenPasswordFunctionltyIsused" time="3.964"/>
  <system-out/>
</testsuite> <!-- testNGPackage.CrossBrowserFunctionalityTest -->
