<?xml version="1.0" encoding="UTF-8"?>
<!-- Generated by org.testng.reporters.JUnitReportReporter -->
<testsuite hostname="DESKTOP-FSSQCH0" failures="0" tests="1" name="testNGPackage.TestNGAnnotations" time="0.013" errors="0" timestamp="2024-04-24T20:00:40 IST" skipped="0">
  <testcase classname="testNGPackage.TestNGAnnotations" name="test1" time="0.013"/>
  <system-out/>
</testsuite> <!-- testNGPackage.TestNGAnnotations -->
